\BOOKMARK [0][-]{chapter.1}{\376\377\000U\000v\000o\000d}{}% 1
\BOOKMARK [0][-]{chapter.2}{\376\377\000I\000s\000t\000o\000s\000m\000j\000e\000r\000n\000i\000\040\000e\000l\000e\000k\000t\000r\000o\000m\000o\000t\000o\000r\000\040\000b\000e\000z\000\040\001\015\000e\000t\000k\000i\000c\000a}{}% 2
\BOOKMARK [1][-]{section.2.1}{\376\377\000O\000s\000n\000o\000v\000e\000\040\000i\000\040\000k\000o\000n\000s\000t\000r\000u\000k\000c\000i\000j\000a}{chapter.2}% 3
\BOOKMARK [1][-]{section.2.2}{\376\377\000M\000a\000t\000e\000m\000a\000t\000i\001\015\000k\000i\000\040\000m\000o\000d\000e\000l\000\040\000m\000o\000t\000o\000r\000a}{chapter.2}% 4
\BOOKMARK [1][-]{section.2.3}{\376\377\000P\000r\000o\000t\000u\000e\000l\000e\000k\000t\000r\000o\000m\000o\000t\000o\000r\000n\000a\000\040\000s\000i\000l\000a}{chapter.2}% 5
\BOOKMARK [1][-]{section.2.4}{\376\377\000K\000o\000n\000f\000i\000g\000u\000r\000a\000c\000i\000j\000a\000\040\000n\000a\000m\000o\000t\000a\000j\000a\000\040\000n\000a\000\040\000s\000t\000a\000t\000o\000r\000u}{chapter.2}% 6
\BOOKMARK [1][-]{section.2.5}{\376\377\000O\000d\000n\000o\000s\000\040\000m\000o\000m\000e\000n\000t\000a\000\040\000i\000\040\000b\000r\000z\000i\000n\000e\000\040\000v\000r\000t\000n\000j\000e}{chapter.2}% 7
\BOOKMARK [0][-]{chapter.3}{\376\377\000U\000p\000r\000a\000v\000l\000j\000a\000n\000j\000e\000\040\000m\000o\000t\000o\000r\000o\000m\000\040\000B\000L\000D\000C\000\040\000b\000e\000z\000\040\000o\000s\000j\000e\000t\000i\000l\000a}{}% 8
\BOOKMARK [1][-]{section.3.1}{\376\377\000M\000e\000t\000o\000d\000a\000\040\000k\000o\000m\000u\000t\000a\000c\000i\000j\000e\000\040\000u\000\040\001\141\000e\000s\000t\000\040\000k\000o\000r\000a\000k\000a}{chapter.3}% 9
\BOOKMARK [1][-]{section.3.2}{\376\377\000U\000p\000r\000a\000v\000l\000j\000a\000n\000j\000e\000\040\000n\000a\000p\000o\000n\000o\000m\000\040\000i\000\040\000s\000t\000r\000u\000j\000o\000m\000\040\000p\000o\000m\000o\001\007\000u\000\040\000P\000W\000M\000-\000a}{chapter.3}% 10
\BOOKMARK [1][-]{section.3.3}{\376\377\000D\000e\000t\000e\000k\000c\000i\000j\000a\000\040\000p\000o\000l\000o\001\176\000a\000j\000a\000\040\000r\000o\000t\000o\000r\000a\000\040\000s\000\040\000p\000o\000m\000o\001\007\000u\000\040\000P\000E\000M\000S\000-\000a}{chapter.3}% 11
\BOOKMARK [1][-]{section.3.4}{\376\377\000F\000a\000z\000e\000\040\000p\000o\000k\000r\000e\000t\000a\000n\000j\000a\000\040\000i\000\040\000r\000a\000d\000a\000\040\000m\000o\000t\000o\000r\000a}{chapter.3}% 12
\BOOKMARK [1][-]{section.3.5}{\376\377\000M\000o\000d\000e\000l\000\040\000r\000e\000g\000u\000l\000a\000c\000i\000j\000e\000\040\000b\000r\000z\000i\000n\000e}{chapter.3}% 13
\BOOKMARK [0][-]{chapter.4}{\376\377\000S\000k\000l\000o\000p\000o\000v\000l\000j\000e}{}% 14
\BOOKMARK [1][-]{section.4.1}{\376\377\000E\000l\000e\000k\000t\000r\000o\000n\000i\001\015\000k\000i\000\040\000s\000k\000l\000o\000p\000\040\000z\000a\000\040\000u\000p\000r\000a\000v\000l\000j\000a\000n\000j\000e\000\040\000b\000r\000z\000i\000n\000o\000m}{chapter.4}% 15
\BOOKMARK [1][-]{section.4.2}{\376\377\000E\000l\000e\000k\000t\000r\000o\000m\000o\000t\000o\000r\000\040\000A\0002\0002\0001\0002\0001\0003\000T\000\040\0001\0000\0000\0000\000K\000V}{chapter.4}% 16
\BOOKMARK [1][-]{section.4.3}{\376\377\000R\000a\000z\000v\000o\000j\000n\000a\000\040\000p\000l\000o\001\015\000a\000\040\000F\000R\000D\000M\000-\000M\000C\000X\000A\000\040\0001\0005\0003}{chapter.4}% 17
\BOOKMARK [0][-]{chapter.5}{\376\377\000I\000m\000p\000l\000e\000m\000e\000n\000t\000a\000c\000i\000j\000a}{}% 18
\BOOKMARK [0][-]{chapter.6}{\376\377\000Z\000a\000k\000l\000j\000u\001\015\000a\000k}{}% 19
\BOOKMARK [0][-]{chapter*.29}{\376\377\000L\000i\000t\000e\000r\000a\000t\000u\000r\000a}{}% 20
\BOOKMARK [0][-]{chapter*.30}{\376\377\000S\000a\001\176\000e\000t\000a\000k}{}% 21
\BOOKMARK [0][-]{chapter*.31}{\376\377\000A\000b\000s\000t\000r\000a\000c\000t}{}% 22
